=~=~=~=~=~=~=~=~=~=~=~= PuTTY log 2019.12.19 10:26:47 =~=~=~=~=~=~=~=~=~=~=~=
0.0048
0.0052
0.0053
-0.0012
0.0005
0.0037
0.0032
0.0037
0.0054
0.0039
0.0037
0.0004
-0.0012
0.0037
0.0037
0.0032
0.0033
0.0054
-0.0010
0.0037
0.0032
0.0048
-0.0011
-0.0012
0.0038
0.0037
-0.0010
-0.0015
0.0054
-0.0016
0.0054
-0.0011
0.0039
0.0037
-0.0016
-0.0012
0.0052
0.0052
-0.0012
0.0052
0.0052
0.0032
0.0032
-0.0017
0.0053
0.0048
0.0037
0.0052
0.0038
0.0032
-0.0012
0.0052
-0.0017
0.0048
-0.0001
0.0054
-0.0016
0.0054
-0.0010
-0.0010
-0.0002
-0.0011
0.0037
0.0037
0.0039
0.0032
-0.0016
-0.0012
0.0047
0.0033
0.0005
-0.0010
0.0049
0.0037
-0.0012
0.0037
0.0034
-0.0011
0.0037
0.0054
0.0037
-0.0012
0.0039
0.0037
0.0037
0.0032
-0.0012
0.0037
0.0037
-0.0010
0.0039
0.0038
-0.0010
0.0037
-0.0001
-0.0010
0.0039
0.0049
0.0037
0.0053
0.0038
0.0037
0.0033
0.0037
0.0037
0.0037
0.0037
0.0037
0.0037
0.0037
-0.0012
0.0039
0.0037
0.0053
0.0037
0.0039
0.0052
0.0037
-0.0012
0.0037
0.0032
0.0037
0.0037
-0.0012
0.0037
0.0032
0.0005
0.0052
0.0037
-0.0011
0.0037
-0.0012
0.0004
0.0037
-0.0011
0.0038
-0.0012
0.0037
0.0054
0.0037
0.0000
0.0034
0.0004
0.0049
0.0032
-0.0012
-0.0016
0.0037
-0.0012
0.0038
0.0039
-0.0010
-0.0001
0.0005
-0.0010
0.0052
0.0037
-0.0001
0.0034
0.0038
0.0032
0.0037
0.0039
-0.0001
0.0037
0.0034
0.0038
0.0037
0.0037
0.0005
0.0054
0.0039
0.0038
0.0037
0.0037
0.0037
0.0034
0.0037
-0.0015
0.0037
0.0037
0.0032
0.0032
0.0039
0.0004
-0.0015
0.0039
0.0034
0.0053
-0.0015
0.0005
0.0037
0.0034
0.0032
0.0032
0.0039
0.0052
-0.0001
-0.0012
-0.0011
0.0049
0.0039
0.0034
-0.0010
0.0053
0.0052
-0.0015
0.0039
0.0053
0.0048
0.0052
-0.0012
0.0033
0.0032
-0.0015
-0.0010
0.0033
0.0037
-0.0016
0.0037
0.0037
-0.0012
0.0038
0.0037
0.0049
0.0047
-0.0001
0.0032
0.0004
-0.0011
0.0034
0.0052
0.0047
0.0005
-0.0001
0.0037
0.0053
0.0052
-0.0012
0.0032
0.0037
-0.0011
0.0039
-0.0012
0.0004
0.0052
0.0005
-0.0016
0.0052
-0.0012
0.0004
0.0037
-0.0011
0.0033
-0.0015
0.0032
-0.0016
0.0004
0.0049
-0.0001
-0.0010
0.0052
0.0038
-0.0012
0.0033
0.0054
0.0053
0.0005
-0.0000
0.0047
0.0032
-0.0001
-0.0015
0.0049
0.0034
-0.0001
-0.0017
0.0049
0.0033
0.0005
-0.0012
0.0047
-0.0002
0.0034
-0.0010
0.0032
0.0033
0.0054
0.0039
0.0037
0.0054
0.0052
0.0037
0.0005
0.0047
0.0037
0.0004
-0.0001
-0.0010
0.0054
0.0053
0.0005
0.0047
0.0034
0.0037
-0.0017
0.0037
-0.0016
0.0037
0.0053
0.0053
0.0037
0.0037
0.0037
-0.0012
0.0032
0.0039
0.0037
0.0037
0.0037
0.0037
0.0037
0.0037
0.0037
0.0037
0.0037
0.0037
0.0037
0.0037
0.0037
0.0037
0.0037
0.0037
0.0037
0.0037
0.0037
0.0037
0.0037
0.0037
0.0037
0.0037
0.0037
0.0037
0.0037
0.0037
0.0052
-0.0012
0.0037
0.0037
0.0037
0.0037
0.0037
0.0037
0.0037
0.0037
0.0037
0.0037
0.0037
0.0037
0.0037
0.0037
0.0037
0.0037
0.0037
0.0037
0.0037
0.0037
0.0037
0.0037
0.0037
0.0037
0.0037
0.0052
0.0037
0.0037
0.0037
0.0037
0.0037
0.0037
0.0037
0.0037
0.0037
0.0037
0.0037
0.0037
0.0037
0.0037
0.0037
0.0037
0.0037
0.0037
0.0052
0.0037
-0.0012
0.0037
-0.0012
0.0037
0.0037
0.0037
0.0037
0.0037
0.0054
0.0037
-0.0012
0.0037
0.0037
0.0037
0.0037
0.0037
0.0037
0.0004
0.0032
0.0037
0.0032
0.0039
0.0039
0.0037
0.0037
0.0150
0.0223
0.0260
0.0298
0.0335
0.0260
0.0223
0.0186
0.0149
0.0112
0.0112
0.0074
0.0074
0.0086
0.0037
0.0037
0.0037
0.0037
0.0032
0.0000
0.0000
0.0000
0.0000
0.0000
0.0000
0.0000
0.0000
0.0000
0.0000
0.0000
0.0000
0.0000
0.0000
0.0000
0.0000
0.0000
0.0000
0.0000
0.0000
0.0000
0.0000
0.0000
0.0000
0.0000
0.0000
0.0000
0.0000
0.0000
0.0000
0.0000
0.0000
0.0000
0.0000
0.0037
0.0037
0.0059
0.0149
0.0112
0.0074
0.0074
0.0074
0.0037
0.0037
0.0037
0.0037
0.0037
0.0049
0.0000
0.0000
0.0000
0.0000
0.0000
0.0000
0.0000
0.0000
0.0000
0.0000
0.0000
0.0000
0.0000
0.0000
0.0000
0.0000
0.0000
0.0000
0.0000
0.0000
0.0037
0.0112
0.0074
0.0074
0.0042
0.0037
0.0037
0.0037
0.0037
0.0037
0.0037
0.0037
0.0037
0.0053
0.0000
0.0000
0.0000
0.0000
0.0000
0.0000
0.0000
0.0000
0.0000
0.0000
0.0000
0.0000
0.0000
0.0000
0.0000
0.0000
0.0000
0.0000
0.0000
0.0000
0.0000
0.0000
0.0000
0.0000
0.0000
0.0000
0.0000
0.0000
0.0000
0.0000
0.0000
0.0000
0.0000
0.0000
0.0000
0.0000
0.0000
0.0000
0.0000
0.0000
0.0000
0.0000
0.0000
0.0000
0.0000
0.0000
0.0000
0.0000
0.0000
0.0005
0.0005
0.0000
-0.0015
-0.0000
-0.0001
0.0005
0.0000
-0.0016
0.0049
0.0000
-0.0016
0.0053
0.0000
0.0005
-0.0015
0.0037
0.0052
0.0037
0.0037
-0.0012
0.0037
0.0037
0.0037
0.0037
0.0037
-0.0012
0.0003
0.0054
0.0037
-0.0016
-0.0011
0.0032
0.0039
-0.0012
0.0037
0.0052
0.0005
0.0049
-0.0012
0.0052
-0.0012
0.0049
0.0037
-0.0016
0.0039
-0.0002
0.0000
0.0000
0.0003
0.0000
0.0049
-0.0000
0.0000
0.0000
0.0000
0.0000
0.0000
-0.0015
0.0000
0.0000
0.0000
0.0000
-0.0001
0.0000
0.0000
0.0000
0.0000
0.0000
0.0000
0.0000
0.0000
0.0000
0.0000
0.0000
0.0000
0.0000
0.0000
0.0000
0.0000
0.0000
0.0000
-0.0000
0.0000
0.0000
0.0000
0.0000
0.0000
-0.0016
0.0053
0.0052
0.0037
-0.0012
0.0039
0.0037
0.0033
0.0037
-0.0012
0.0039
0.0038
0.0032
0.0037
0.0037
0.0052
0.0037
0.0037
0.0037
-0.0012
0.0037
0.0052
-0.0012
0.0037
0.0037
0.0037
0.0037
0.0052
0.0037
0.0037
0.0037
0.0037
0.0037
0.0037
0.0037
0.0039
0.0052
0.0037
0.0037
0.0005
0.0032
0.0005
-0.0015
0.0005
0.0000
0.0001
0.0000
0.0000
0.0000
0.0033
0.0000
-0.0015
0.0000
0.0000
0.0049
0.0000
0.0038
0.0053
0.0053
0.0000
0.0000
0.0000
0.0000
0.0005
-0.0000
0.0005
0.0005
0.0053
0.0054
-0.0001
0.0053
0.0005
0.0054
0.0005
0.0005
-0.0001
-0.0000
-0.0001
0.0049
0.0054
0.0052
0.0032
-0.0016
0.0054
0.0005
0.0033
0.0037
0.0033
0.0052
0.0005
0.0034
0.0032
-0.0015
0.0037
0.0039
-0.0012
0.0037
0.0039
0.0037
-0.0017
-0.0010
0.0038
0.0037
0.0052
0.0054
0.0052
0.0032
0.0037
0.0037
0.0037
-0.0012
-0.0010
0.0037
0.0039
0.0005
-0.0012
0.0037
0.0037
0.0037
0.0037
-0.0010
-0.0012
0.0032
0.0054
-0.0016
0.0033
0.0054
0.0049
0.0047
0.0052
0.0038
0.0037
0.0037
0.0052
0.0037
0.0037
0.0037
0.0037
0.0037
0.0037
0.0037
0.0037
0.0037
0.0037
0.0037
0.0037
0.0037
0.0037
0.0037
0.0037
0.0037
0.0037
0.0037
0.0037
0.0037
0.0037
0.0037
0.0037
0.0037
0.0037
0.0037
0.0037
0.0037
0.0037
0.0037
0.0052
0.0039
0.0037
0.0039
0.0033
0.0004
0.0037
0.0037
0.0037
0.0037
0.0037
0.0037
0.0037
0.0037
0.0037
0.0037
0.0037
0.0037
0.0037
0.0037
0.0037
0.0037
0.0037
-0.0012
0.0037
0.0037
0.0037
0.0037
0.0032
0.0032
0.0000
-0.0010
0.0004
0.0000
0.0032
-0.0010
0.0037
0.0032
-0.0012
0.0037
0.0037
0.0005
0.0054
0.0037
0.0037
0.0047
-0.0012
0.0032
0.0032
0.0032
0.0037
0.0052
0.0037
0.0037
0.0032
0.0037
0.0074
0.0112
0.0037
0.0074
0.0112
0.0112
0.0144
0.0149
0.0112
0.0112
0.0074
0.0074
0.0074
0.0037
0.0037
0.0037
0.0037
0.0037
0.0037
0.0037
0.0037
0.0005
-0.0015
-0.0000
0.0000
0.0000
0.0049
0.0000
0.0000
0.0000
0.0000
0.0000
0.0000
0.0000
0.0000
0.0000
0.0000
0.0000
0.0000
0.0000
0.0000
0.0000
0.0000
0.0000
0.0000
0.0000
0.0000
0.0000
0.0000
0.0000
0.0000
0.0000
-0.0015
0.0000
0.0000
0.0000
0.0000
0.0000
0.0000
0.0005
0.0000
0.0000
0.0000
0.0000
0.0000
0.0000
0.0000
0.0005
0.0000
0.0000
0.0000
0.0000
0.0000
-0.0001
-0.0000
0.0000
-0.0001
0.0000
0.0000
0.0005
-0.0015
0.0000
0.0000
0.0000
0.0000
-0.0010
0.0000
0.0000
-0.0001
0.0005
0.0000
0.0047
-0.0017
0.0000
0.0034
-0.0016
0.0047
-0.0017
-0.0010
-0.0015
0.0048
0.0047
0.0037
0.0049
0.0049
-0.0012
0.0047
-0.0001
-0.0015
0.0034
-0.0015
0.0003
0.0005
-0.0016
0.0005
0.0037
0.0003
-0.0015
-0.0015
0.0054
0.0034
-0.0016
0.0049
-0.0010
0.0000
0.0005
0.0037
0.0003
-0.0016
0.0052
-0.0015
0.0047
0.0047
-0.0002
0.0049
-0.0012
-0.0002
0.0000
-0.0015
0.0000
0.0037
-0.0017
0.0052
0.0033
-0.0016
-0.0012
-0.0010
0.0052
0.0052
0.0032
-0.0011
0.0037
0.0037
0.0005
-0.0012
0.0004
-0.0011
0.0048
0.0037
0.0038
-0.0012
0.0037
-0.0016
0.0033
-0.0012
0.0037
0.0054
0.0053
0.0032
0.0033
0.0037
0.0037
0.0037
-0.0012
0.0032
0.0032
0.0037
0.0032
0.0037
0.0037
0.0032
0.0037
0.0037
0.0052
0.0037
0.0037
0.0047
0.0048
0.0032
0.0037
0.0037
0.0086
0.0037
0.0037
0.0037
0.0037
0.0037
0.0037
0.0037
0.0037
0.0037
0.0037
0.0037
0.0003
0.0052
-0.0001
0.0005
-0.0017
0.0034
0.0047
0.0052
-0.0015
0.0000
0.0054
0.0000
-0.0017
-0.0001
-0.0000
0.0049
0.0005
0.0000
-0.0000
-0.0017
0.0000
0.0000
0.0049
-0.0015
-0.0015
-0.0010
-0.0001
-0.0001
-0.0016
0.0049
0.0049
0.0005
0.0049
0.0005
-0.0010
0.0049
-0.0017
0.0000
0.0000
0.0005
0.0049
0.0000
-0.0015
-0.0012
0.0047
0.0005
0.0000
0.0052
0.0047
0.0047
0.0000
0.0001
-0.0012
0.0005
-0.0002
0.0005
-0.0001
-0.0010
0.0049
0.0005
0.0054
-0.0012
-0.0010
-0.0010
0.0049
-0.0015
0.0039
0.0054
-0.0000
0.0034
0.0038
0.0037
0.0049
0.0049
-0.0017
0.0052
-0.0011
0.0047
0.0037
0.0052
-0.0016
-0.0015
0.0032
0.0037
-0.0011
0.0037
0.0049
0.0001
-0.0012
0.0037
-0.0012
0.0039
-0.0012
-0.0012
-0.0010
0.0032
0.0039
0.0033
0.0052
0.0037
0.0037
0.0032
0.0032
0.0037
0.0054
0.0039
0.0054
0.0037
0.0048
0.0005
0.0049
-0.0012
0.0034
0.0048
-0.0010
0.0052
0.0039
0.0048
0.0032
-0.0012
0.0052
0.0033
0.0037
0.0037
0.0052
-0.0010
0.0037
0.0037
0.0004
-0.0012
0.0032
0.0052
-0.0012
0.0039
0.0037
0.0052
-0.0015
0.0032
0.0047
0.0033
0.0004
0.0004
-0.0012
0.0000
0.0039
0.0049
-0.0001
0.0037
-0.0015
0.0054
-0.0001
0.0004
0.0004
0.0034
0.0034
-0.0001
0.0033
-0.0016
0.0037
-0.0012
0.0037
0.0032
0.0037
-0.0012
0.0032
0.0039
0.0037
-0.0015
0.0038
0.0034
0.0032
0.0054
0.0037
-0.0001
-0.0011
0.0037
0.0052
0.0032
0.0054
0.0037
0.0052
0.0033
0.0037
0.0049
0.0048
-0.0017
0.0037
0.0037
0.0047
0.0037
-0.0016
0.0037
0.0037
0.0054
0.0052
0.0049
0.0000
-0.0016
0.0037
0.0037
-0.0001
0.0039
0.0032
-0.0011
0.0037
-0.0010
0.0052
0.0037
0.0037
-0.0012
0.0037
0.0047
0.0039
-0.0010
0.0037
0.0053
-0.0012
0.0032
0.0052
0.0052
-0.0012
0.0052
-0.0012
-0.0010
0.0032
0.0033
0.0005
0.0037
-0.0002
0.0052
-0.0016
-0.0017
0.0052
0.0039
0.0004
0.0039
0.0052
-0.0012
0.0052
0.0053
-0.0012
0.0037
-0.0012
0.0037
0.0037
0.0037
0.0037
0.0052
0.0032
0.0037
0.0037
0.0037
0.0037
0.0037
0.0037
0.0037
0.0037
0.0032
0.0037
0.0037
0.0037
0.0037
0.0039
0.0037
0.0037
-0.0012
0.0037
0.0039
0.0037
0.0052
0.0037
0.0037
0.0037
0.0052
0.0037
0.0037
0.0037
0.0053
0.0037
0.0037
0.0048
-0.0012
0.0032
0.0032
-0.0012
0.0032
-0.0011
0.0047
0.0037
0.0052
0.0034
0.0033
0.0037
0.0032
0.0054
-0.0010
0.0052
-0.0010
0.0037
0.0033
-0.0012
0.0054
-0.0016
-0.0012
-0.0017
-0.0012
-0.0017
0.0037
0.0039
0.0037
-0.0001
0.0032
0.0037
0.0037
0.0032
-0.0012
0.0037
0.0038
0.0048
-0.0012
0.0039
0.0039
-0.0012
0.0054
0.0052
0.0052
0.0037
-0.0010
0.0004
0.0039
-0.0012
0.0049
0.0052
0.0052
0.0037
0.0032
0.0037
0.0053
-0.0012
0.0037
0.0037
0.0037
-0.0012
0.0052
-0.0016
-0.0012
0.0037
0.0037
-0.0012
0.0037
0.0048
0.0004
0.0033
0.0037
0.0032
0.0033
0.0048
-0.0002
-0.0012
-0.0002
-0.0012
0.0032
0.0005
-0.0010
0.0003
0.0034
0.0037
0.0032
-0.0012
-0.0012
-0.0011
0.0037
0.0052
0.0005
0.0004
0.0032
0.0037
0.0037
-0.0016
0.0037
0.0052
0.0004
0.0052
0.0052
0.0053
0.0053
0.0032
-0.0012
0.0032
-0.0012
-0.0012
0.0032
3.7661
3.2980
3.3047
3.3230
