C51 COMPILER V9.52.0.0   BIPOLARMOTOR                                                      07/11/2018 09:45:20 PAGE 1   


C51 COMPILER V9.52.0.0, COMPILATION OF MODULE BIPOLARMOTOR
OBJECT MODULE PLACED IN .\Obj\BipolarMotor.obj
COMPILER INVOKED BY: C:\Keil_v5\C51\BIN\C51.EXE BipolarMotor.c LARGE BROWSE INCDIR(.\Application\Header) DEBUG OBJECTEXT
                    -END PRINT(.\Lis\BipolarMotor.lst) TABS(2) OBJECT(.\Obj\BipolarMotor.obj)

line level    source

   1          #include "stc15f2k60s2.h"
   2          #include "LCD_Driver_SPLC780D.h"
   3          #include "Receiver_Position_Data.h"
   4          #include "math.h"
   5          void Delay_ms(unsigned int ms);
   6          int Day_Of_Year(unsigned char months,unsigned char days);
   7          float degree;
   8          void Step_move(unsigned int step, int direction)
   9          {
  10   1            unsigned int i=0;
  11   1            for( i=0;i<step;i++)
  12   1            {
  13   2                P4 |=1<<1;// P41=1 // moving distance (mm)=pi^2*step*4/675
  14   2                Wait_ms(2);
  15   2                P4 &= (~1<<1);
  16   2                Wait_ms(2);
  17   2            }
  18   1      }
*** WARNING C280 IN LINE 8 OF BipolarMotor.c: 'direction': unreferenced local variable
  19          
  20          void Move(float distance, int direction)
  21          {
  22   1          unsigned int step;
  23   1          step= distance*675/(4*3.14159*3.14159);
  24   1          Step_move(step,direction);
  25   1      }
  26          
  27          
  28          
  29          
  30          /*void Update_position(unsigned char months,unsigned char days,unsigned char hours,unsigned char mins,unsi
             -gned char seconds,int direction)
  31          {
  32            int date,i;
  33            float distance;
  34            date=Day_Of_Year(months,days);
  35            
  36            for(i=0;i<192;i++)
  37            {
  38              if (hours==Time_stamp_PM[0][i] && mins== Time_stamp_PM[1][i]&& seconds==Time_stamp_PM[2][i])
  39              {
  40                distance=degree3_function[i][0]*pow(date,3)+degree3_function[i][1]*pow(date,2)+degree3_function[i][2]*d
             -ate+degree3_function[i][3];
  41                Move(distance,direction);
  42                break;
  43              }
  44            }
  45          }
  46          
  47          //int Day_Of_Year(unsigned char months,unsigned char days)*/


MODULE INFORMATION:   STATIC OVERLAYABLE
   CODE SIZE        =    139    ----
C51 COMPILER V9.52.0.0   BIPOLARMOTOR                                                      07/11/2018 09:45:20 PAGE 2   

   CONSTANT SIZE    =   ----    ----
   XDATA SIZE       =      4      12
   PDATA SIZE       =   ----    ----
   DATA SIZE        =   ----    ----
   IDATA SIZE       =   ----    ----
   BIT SIZE         =   ----    ----
END OF MODULE INFORMATION.


C51 COMPILATION COMPLETE.  1 WARNING(S),  0 ERROR(S)
