C51 COMPILER V9.52.0.0   KEYPAD                                                            05/16/2018 14:39:39 PAGE 1   


C51 COMPILER V9.52.0.0, COMPILATION OF MODULE KEYPAD
OBJECT MODULE PLACED IN .\Obj\KeyPad.obj
COMPILER INVOKED BY: C:\Keil_v5\C51\BIN\C51.EXE Application\Source\KeyPad.c LARGE BROWSE INCDIR(.\Application\Header) DE
                    -BUG OBJECTEXTEND PRINT(.\Lis\KeyPad.lst) TABS(2) OBJECT(.\Obj\KeyPad.obj)

line level    source

   1          #include "stc15f2k60s2.h"
   2          #include "KeyPad.h"
   3          #include "PCF85063BTL.h"
   4          #include "LCD_Driver_SPLC780D.h"
   5          
   6          void DisplayLCD(unsigned char BCD);
   7          void WriteData(unsigned char dat);
   8          
   9          void SPI_WriteTime(unsigned char val,unsigned char addr);
  10          void Command(unsigned char dat);
  11          
  12          void Delay_ms(unsigned int ms)
  13          {
  14   1        unsigned int De_Cnt;
  15   1        while( (ms--) != 0)
  16   1        {
  17   2          for(De_Cnt = 0; De_Cnt < 600; De_Cnt++); 
  18   2        }             
  19   1      }
  20          unsigned char Key_Scan(void)
  21          {
  22   1        unsigned char KeyTemp1,KeyTemp2;
  23   1        unsigned char KeyValue;
  24   1      
  25   1        //
  26   1        KEYPORT &=(~((1<<Column1)|(1<<Column2)|(1<<Column3))); // ~(00000010 | 00000100 | 00001000)=1111*000*1: s
             -et three columns equal to Zero
  27   1        //
  28   1        //0010 0000
  29   1        KEYPORT |= (1<<Line1) | (1<<Line2) | (1<<Line3) | (1<<Line4) ;  //10000000 | 01000000 | 00100000=*111*000
             -00: Set three columns equal to 1
  30   1        //    
  31   1        KeyTemp1=KEYPORT | (~((1<<Line1)|(1<<Line2)|(1<<Line3)|(1<<Line4)));  //~(10000000 | 01000000 | 00100000)=
             -00011111
  32   1        if(KeyTemp1!=0xff)      //
  33   1        { 
  34   2          Delay_ms(10);         //
  35   2          KeyTemp1=KEYPORT | ( ~((1<<Line1)|(1<<Line2)|(1<<Line3)|(1<<Line4)) );  //~(10000000 | 01000000 | 0010000
             -0)=00011111
  36   2          if(KeyTemp1!=0xff)      //
  37   2          {
  38   3            //COL1 COL2 COL3
  39   3            //0     1     1
  40   3            KEYPORT &=(~(1<<Column1)); //0 1 1
  41   3            KEYPORT |= (1<<Column2)|(1<<Column3);//
  42   3            KeyTemp1=KEYPORT | (~((1<<Line1)|(1<<Line2)|(1<<Line3)|(1<<Line4)));//  KEYPORT | 00011111
  43   3            if(KeyTemp1!=0xff)      //
  44   3            {
  45   4              while(KeyTemp1!=0xff) // if pressed any key on COL1
  46   4              { 
  47   5                KeyTemp2=KeyTemp1;  
  48   5                KeyTemp1=KEYPORT | (~((1<<Line1)|(1<<Line2)|(1<<Line3)|(1<<Line4)));  // read the data, KEYPORT is the
             - instantaneous value of the PORT.
  49   5              }
C51 COMPILER V9.52.0.0   KEYPAD                                                            05/16/2018 14:39:39 PAGE 2   

  50   4              // run when unpress
  51   4              switch(KeyTemp2)
  52   4              {
  53   5                case ~(1<<Line1):     //S6°
  54   5                {
  55   6                  KeyValue=KEY1;
  56   6                
  57   6                }break;
  58   5                case ~(1<<Line2):     //S9°
  59   5                {
  60   6                  KeyValue=KEY4;
  61   6                
  62   6                }break;
  63   5                case ~(1<<Line3):     //S9°
  64   5                {
  65   6                  KeyValue=KEY7;
  66   6                
  67   6                }break; 
  68   5                case ~(1<<Line4):     //
  69   5                {
  70   6                  KeyValue=KEY0;
  71   6                
  72   6                }break;         
  73   5              }
  74   4            }   
  75   3            //COL1 COL2 COL3
  76   3            //1     0     1
  77   3            KEYPORT &=(~(1<<Column2)); 
  78   3            KEYPORT |= (1<<Column1)|(1<<Column3);
  79   3            KeyTemp1=KEYPORT | (~((1<<Line1)|(1<<Line2)|(1<<Line3)|(1<<Line4)));      //
  80   3            if(KeyTemp1!=0xff)      //
  81   3            {
  82   4              while(KeyTemp1!=0xff) //
  83   4              { 
  84   5                KeyTemp2=KeyTemp1;  
  85   5                KeyTemp1=KEYPORT | (~((1<<Line1)|(1<<Line2)|(1<<Line3)|(1<<Line4))); //
  86   5              }
  87   4              switch(KeyTemp2)
  88   4              {
  89   5                case ~(1<<Line1):     //
  90   5                {
  91   6                  KeyValue=KEY2;
  92   6                
  93   6                }break;
  94   5                case ~(1<<Line2):     //
  95   5                {
  96   6                  KeyValue=KEY5;
  97   6                
  98   6                }break;
  99   5                case ~(1<<Line3):     //
 100   5                {
 101   6                  KeyValue=KEY8;
 102   6                
 103   6                }break;   
 104   5                case ~(1<<Line4):     //
 105   5                {
 106   6                  KeyValue=KEY0;
 107   6                
 108   6                }break;           
 109   5              }
 110   4            }
 111   3            //COL1 COL2 COL3
C51 COMPILER V9.52.0.0   KEYPAD                                                            05/16/2018 14:39:39 PAGE 3   

 112   3            //1     1     0
 113   3            KEYPORT &=(~(1<<Column3)); //1 1 0
 114   3            KEYPORT |= (1<<Column1)|(1<<Column2);
 115   3            KeyTemp1=KEYPORT | (~((1<<Line1)|(1<<Line2)|(1<<Line3)|(1<<Line4)));     //
 116   3            if(KeyTemp1!=0xff)      //
 117   3            {
 118   4              while(KeyTemp1!=0xff) // if pressed any key of COL3
 119   4              { 
 120   5                KeyTemp2=KeyTemp1;  
 121   5                KeyTemp1=KEYPORT | (~((1<<Line1)|(1<<Line2)|(1<<Line3)|(1<<Line4)));//
 122   5              }
 123   4              switch(KeyTemp2)
 124   4              {
 125   5                case ~(1<<Line1):     //S8°
 126   5                {
 127   6                  KeyValue=KEY3;
 128   6                
 129   6                }break;
 130   5                case ~(1<<Line2):     //S11°
 131   5                {
 132   6                  KeyValue=KEY6;
 133   6                
 134   6                }break;
 135   5                case ~(1<<Line3):     //S11°
 136   5                {
 137   6                  KeyValue=KEY9;
 138   6                
 139   6                }break;   
 140   5                case ~(1<<Line4):     //
 141   5                {
 142   6                  KeyValue=SETTIME_KEY;
 143   6                
 144   6                }break;         
 145   5              }
 146   4            } 
 147   3            return  KeyValue; 
 148   3          }             
 149   2          else
 150   2          {
 151   3            return Unpress;       
 152   3          }
 153   2        }
 154   1        else
 155   1        {
 156   2          return Unpress; 
 157   2        }     
 158   1      }
 159          void Key_Process(void)
 160          {
 161   1        static int KeyCount=0;
 162   1        static unsigned char KeyNum_Old,KeyNum,PressedKey[5]="hhmms";
 163   1        int d;
 164   1        KeyNum_Old=KeyNum;
 165   1        KeyNum=Key_Scan();
 166   1        //if( (KeyNum=Key_Scan())!=0 )    //
 167   1        if(KeyNum_Old==Unpress && KeyNum!=Unpress)
 168   1        {
 169   2          PressedKey[KeyCount]=KeyNum;
 170   2          KeyCount++;
 171   2          if(KeyCount==5 && PressedKey[4]==SETTIME_KEY)
 172   2          {
 173   3            //PressedKey[]="";
C51 COMPILER V9.52.0.0   KEYPAD                                                            05/16/2018 14:39:39 PAGE 4   

 174   3            KeyCount=0;
 175   3            SPI_WriteTime((PressedKey[0]<<4)|PressedKey[1],Hours);
 176   3            SPI_WriteTime((PressedKey[2]<<4)|PressedKey[3],Minutes);
 177   3            LCD_Clear();
*** WARNING C206 IN LINE 177 OF Application\Source\KeyPad.c: 'LCD_Clear': missing function-prototype
 178   3            Command(0x08);
 179   3            Command(0x00);      
 180   3            WriteData(0x68);//display "h"
 181   3            WriteData(0x68);//display "h"
 182   3            WriteData(0x6D);//display "m"
 183   3            WriteData(0x6D);//display "m"
 184   3          }
 185   2        }
 186   1        //LCD Display
 187   1        for(d=0;d<KeyCount;d++)
 188   1        {
 189   2          if(KeyCount<=4)
 190   2          {
 191   3            Command(0x08);
 192   3            Command(0x00+d);
 193   3            WriteData(PressedKey[d]|0x30);
 194   3          }
 195   2        }
 196   1        
 197   1      }
 198          /***********************************************
 199          ************************************************/
 200          void KeyPad_IO_Init(void)
 201          { 
 202   1        P0M1 &=~( (1<<1) | (1<<2) | (1<<3) | (1<<4) | (1<<5) | (1<<6) | (1<<7) );  
 203   1        P0M0 &=~( (1<<1) | (1<<2) | (1<<3) | (1<<4) | (1<<5) | (1<<6) | (1<<7) );    
 204   1         
 205   1      }
 206          
 207          
 208          
 209          
 210          
 211          
 212          


MODULE INFORMATION:   STATIC OVERLAYABLE
   CODE SIZE        =    611    ----
   CONSTANT SIZE    =   ----    ----
   XDATA SIZE       =      9       5
   PDATA SIZE       =   ----    ----
   DATA SIZE        =   ----    ----
   IDATA SIZE       =   ----    ----
   BIT SIZE         =   ----    ----
END OF MODULE INFORMATION.


C51 COMPILATION COMPLETE.  1 WARNING(S),  0 ERROR(S)
