C51 COMPILER V9.52.0.0   LCD_DRIVER_SPLC780D                                               05/11/2018 12:07:35 PAGE 1   


C51 COMPILER V9.52.0.0, COMPILATION OF MODULE LCD_DRIVER_SPLC780D
OBJECT MODULE PLACED IN .\Obj\LCd_Driver_SPLC780D.obj
COMPILER INVOKED BY: C:\Keil_v5\C51\BIN\C51.EXE Application\Source\LCd_Driver_SPLC780D.c LARGE BROWSE INCDIR(.\Applicati
                    -on\Header) DEBUG OBJECTEXTEND PRINT(.\Lis\LCd_Driver_SPLC780D.lst) TABS(2) OBJECT(.\Obj\LCd_Driver_SPLC780D.obj)

line level    source

   1          #include "LCD_Driver_SPLC780D.h"
   2          #include "stc15f2k60s2.h"
   3          
   4          
   5          void Wait_ms(int ms);
   6          void Command(unsigned char dat);
   7          void WriteData(unsigned char dat);
   8          
   9          void LCD_Init(void)
  10          {
  11   1      
  12   1        Wait_ms(150);
  13   1        Command(0x03);
  14   1        
  15   1        Wait_ms(30);
  16   1        Command(0x03);
  17   1        
  18   1        Wait_ms(10);
  19   1        Command(0x03);
  20   1        
  21   1        Wait_ms(10);
  22   1        Command(0x02);
  23   1        //Wait_ms(10);
  24   1        
  25   1        //Wait_ms(50);
  26   1        Command(0x02);  
  27   1        Command(0x00);
  28   1      //  Command(0x01);
  29   1      //  Command(0x00);
  30   1        Command(0x00);
  31   1        Command(0x0E);
  32   1        Command(0x00);  
  33   1        Wait_ms(2); 
  34   1        Command(0x06);
  35   1        Wait_ms(20);
  36   1        
  37   1      }
  38          void WriteData(unsigned char dat)
  39          { 
  40   1      
  41   1        /*LCD_E=1;
  42   1        Wait_ms(10);
  43   1        LCD_E=0;*/
  44   1        LCD_RS=1;
  45   1        LCD_RW=0;
  46   1        // 4 high bits
  47   1        /*LCD_D7=dat&(1<<7) >>7;
  48   1        LCD_D6=dat&(1<<6) >>6;
  49   1        LCD_D5=dat&(1<<5) >>5;
  50   1        LCD_D4=dat&(1<<4) >>4;*/
  51   1        LCD_D7=0;//(dat&(1<<3)) >>3;
  52   1        LCD_D6=0;//(dat&(1<<2)) >>2;
  53   1        LCD_D5=1;//(dat&(1<<1)) >>1;
  54   1        LCD_D4=1;//dat&1;   
C51 COMPILER V9.52.0.0   LCD_DRIVER_SPLC780D                                               05/11/2018 12:07:35 PAGE 2   

  55   1        //Wait_ms(10);
  56   1        LCD_E=1;
  57   1        Wait_ms(1);
  58   1        LCD_E=0;
  59   1        // 4 low bits
  60   1        LCD_D7=0;//(dat&(1<<3)) >>3;
  61   1        LCD_D6=0;//(dat&(1<<2)) >>2;
  62   1        LCD_D5=0;//(dat&(1<<1)) >>1;
  63   1        LCD_D4=1;//dat&1; 
  64   1        //LCD_RS=0;
  65   1        LCD_E=1;
  66   1        Wait_ms(10);
  67   1        LCD_E=0;  
  68   1        LCD_RS=0;
  69   1          
  70   1      }
*** WARNING C280 IN LINE 38 OF Application\Source\LCd_Driver_SPLC780D.c: 'dat': unreferenced local variable
  71          
  72          void Command(unsigned char dat)//dat=0x0X
  73          { 
  74   1        LCD_RS=0;
  75   1        LCD_RW=0;
  76   1        /*LCD_E=1;
  77   1        Wait_ms(10);
  78   1        LCD_E=0;*/
  79   1        //we only consider 4 low bits
  80   1        if((dat&(1<<3)) >>3)
  81   1          LCD_D7=1;
  82   1        else
  83   1          LCD_D7=0;
  84   1        if((dat&(1<<2)) >>2)
  85   1          LCD_D6=1;
  86   1        else
  87   1          LCD_D6=0; 
  88   1        if((dat&(1<<1)) >>1)
  89   1          LCD_D5=1;
  90   1        else
  91   1          LCD_D5=0; 
  92   1        if(dat&0x01)
  93   1          LCD_D4=1;
  94   1        else
  95   1          LCD_D4=0; 
  96   1        /*LCD_D6=dat&(1<<2) >>2;
  97   1        LCD_D5=dat&(1<<1) >>1;
  98   1        LCD_D4=dat&0x01;  */
  99   1        LCD_E=1;
 100   1        Wait_ms(10);
 101   1        LCD_E=0;  
 102   1      }
 103          
 104          void Wait_ms(int ms)
 105          {
 106   1        unsigned int De_Cnt;
 107   1        while( (ms--) != 0)
 108   1        {
 109   2          for(De_Cnt = 0; De_Cnt < 600; De_Cnt++); 
 110   2        }   
 111   1      }
 112           void DisplayLCD(unsigned char BCD)
 113          {
 114   1        unsigned char first_digit, second_digit;
 115   1        first_digit=BCD>>4 | 0x30;
C51 COMPILER V9.52.0.0   LCD_DRIVER_SPLC780D                                               05/11/2018 12:07:35 PAGE 3   

 116   1        second_digit=BCD&0x0F | 0x30;
 117   1        //write 1st letter 
 118   1        WriteData(first_digit);
 119   1        // write second letter
 120   1        WriteData(second_digit);
 121   1      
 122   1      }
 123          
 124          


MODULE INFORMATION:   STATIC OVERLAYABLE
   CODE SIZE        =    257    ----
   CONSTANT SIZE    =   ----    ----
   XDATA SIZE       =   ----       2
   PDATA SIZE       =   ----    ----
   DATA SIZE        =   ----    ----
   IDATA SIZE       =   ----    ----
   BIT SIZE         =   ----    ----
END OF MODULE INFORMATION.


C51 COMPILATION COMPLETE.  1 WARNING(S),  0 ERROR(S)
