C51 COMPILER V9.52.0.0   UART1                                                             05/03/2018 14:56:30 PAGE 1   


C51 COMPILER V9.52.0.0, COMPILATION OF MODULE UART1
OBJECT MODULE PLACED IN .\Obj\UART1.obj
COMPILER INVOKED BY: C:\Keil_v5\C51\BIN\C51.EXE Application\Source\UART1.c LARGE BROWSE INCDIR(.\Application\Header) DEB
                    -UG OBJECTEXTEND PRINT(.\Lis\UART1.lst) TABS(2) OBJECT(.\Obj\UART1.obj)

line level    source

   1          #include "stc15f2k60s2.h"
   2          #include "PCF85063BTL.h"
   3          #include <stdlib.h>
   4          #include "UART1.h"
   5          #define TBAUD (65536-FOSC/4/BAUD)
   6          #define FOSC 18432000L
   7          #define BAUD 115200
   8          
   9          
  10          
  11          
  12          unsigned char SPI_ReadTime(unsigned char addr);
  13          void SPI_WriteTime(unsigned char val,unsigned char addr);
  14          unsigned char ASCIItoBCD(unsigned char ascii[2]); // time format hh:mm:ss
  15          void SendUART1(unsigned char dat);
  16          
  17          
  18          
  19          
  20          
  21          void initUART1(void)
  22          {
  23   1        SCON=0x50; //0101 0000 8-bit uart,  baud rate variable
  24   1        AUXR |=0x95;//10010101 Timer2 as Baud Rate generator
  25   1        T2L=TBAUD;
  26   1        T2H=TBAUD>>8; 
  27   1        ES=1;           // enable uart1 interrupt
  28   1        EA=1;           // each interrupt source will be enable or disable by setting its interrupt bit
  29   1        //PS=0;           // Serial Port 1 interrupt priority control bit, DS page 561
  30   1      }
  31          
  32          
  33          
  34          
  35           void SendString(char *s)
  36          {
  37   1        while(*s)
  38   1        {
  39   2          SendUART1(*s++);
  40   2        }
  41   1      }
  42          void SendUART1(unsigned char dat)
  43          {
  44   1        while(busy);
  45   1        busy=1;
  46   1        ACC=dat;
  47   1        SBUF=ACC;
  48   1      }
  49          unsigned char ten(unsigned char BCD)
  50          {
  51   1        return (BCD)>>4;
  52   1      }
  53          unsigned char unit(unsigned char BCD)
  54          {
C51 COMPILER V9.52.0.0   UART1                                                             05/03/2018 14:56:30 PAGE 2   

  55   1      
  56   1        //unit=BCD&0x0f;
  57   1        //dec=ten*10+unit;
  58   1        return BCD&0x0f;
  59   1      }
  60          unsigned char DectoBCD(unsigned char dec)
  61          {
  62   1        
  63   1        return dec;
  64   1      }
  65          //if dat=1, we need to use ASCII value to display "1" on UART1
  66          unsigned char ASCII_Letter(unsigned char dat)
  67          {
  68   1        
  69   1        return dat+48;
  70   1      }
  71          
  72          unsigned char ASCIItoBCD(unsigned char ascii[2]) // time format hh:mm:ss
  73          {
  74   1        unsigned char dec_val,ten, unit;
  75   1        dec_val=atoi(ascii);
  76   1        ten=dec_val/10;
  77   1        unit=dec_val%10;
  78   1        return ten<<4|unit;
  79   1        
  80   1      }
  81          void Display_time(void)
  82          {
  83   1          unsigned char seconds,mins, hours;
  84   1      
  85   1          hours=SPI_ReadTime(Hours);
  86   1          SendUART1(ten(hours)+48);
  87   1          SendUART1(unit(hours)+48);    
  88   1          SendUART1(0x3A);// ":" ASCII letter
  89   1          
  90   1          mins=SPI_ReadTime(Minutes);
  91   1          SendUART1(ten(mins)+48);
  92   1          SendUART1(unit(mins)+48);   
  93   1          SendUART1(0x3A);// ":" ASCII letter
  94   1          
  95   1          seconds=SPI_ReadTime(Seconds);
  96   1          P0=seconds;
  97   1          SendUART1(ten(seconds&0x7f)+48);
  98   1          SendUART1(unit(seconds&0x7f)+48);
  99   1          SendUART1(10);      //new line
 100   1      }
 101          
 102           


MODULE INFORMATION:   STATIC OVERLAYABLE
   CODE SIZE        =    195    ----
   CONSTANT SIZE    =   ----    ----
   XDATA SIZE       =   ----       3
   PDATA SIZE       =   ----    ----
   DATA SIZE        =   ----    ----
   IDATA SIZE       =   ----    ----
   BIT SIZE         =   ----    ----
END OF MODULE INFORMATION.


C51 COMPILATION COMPLETE.  0 WARNING(S),  0 ERROR(S)
